android-build/app/build/intermediates/manifest_merge_blame_file/debug/processDebugMainManifest/manifest-merger-blame-debug-report.txt
1<?xml version="1.0" encoding="utf-8"?>
2<manifest xmlns:android="http://schemas.android.com/apk/res/android"
3    package="com.skelpo.pickcolor"
4    android:versionCode="1"
5    android:versionName="1.0" >
6
7    <uses-sdk
8        android:minSdkVersion="24"
9        android:targetSdkVersion="35" />
10
11    <uses-permission android:name="android.permission.CAMERA" />
11-->src/main/AndroidManifest.xml:3:5-65
11-->src/main/AndroidManifest.xml:3:22-62
12
13    <uses-feature
13-->src/main/AndroidManifest.xml:4:5-84
14        android:name="android.hardware.camera"
14-->src/main/AndroidManifest.xml:4:19-57
15        android:required="true" />
15-->src/main/AndroidManifest.xml:4:58-81
16
17    <permission
17-->[androidx.core:core:1.12.0] AndroidManifest.xml:22:5-24:47
18        android:name="com.skelpo.pickcolor.DYNAMIC_RECEIVER_NOT_EXPORTED_PERMISSION"
18-->[androidx.core:core:1.12.0] AndroidManifest.xml:23:9-81
19        android:protectionLevel="signature" />
19-->[androidx.core:core:1.12.0] AndroidManifest.xml:24:9-44
20
21    <uses-permission android:name="com.skelpo.pickcolor.DYNAMIC_RECEIVER_NOT_EXPORTED_PERMISSION" />
21-->[androidx.core:core:1.12.0] AndroidManifest.xml:26:5-97
21-->[androidx.core:core:1.12.0] AndroidManifest.xml:26:22-94
22
23    <application
23-->src/main/AndroidManifest.xml:5:5-15:19
24        android:allowBackup="true"
24-->src/main/AndroidManifest.xml:5:18-44
25        android:appComponentFactory="androidx.core.app.CoreComponentFactory"
25-->[androidx.core:core:1.12.0] AndroidManifest.xml:28:18-86
26        android:debuggable="true"
27        android:extractNativeLibs="false"
28        android:icon="@mipmap/ic_launcher"
28-->src/main/AndroidManifest.xml:5:45-79
29        android:label="@string/app_name"
29-->src/main/AndroidManifest.xml:6:9-41
30        android:theme="@android:style/Theme.Material.Light.NoActionBar" >
30-->src/main/AndroidManifest.xml:6:42-105
31        <activity
31-->src/main/AndroidManifest.xml:7:9-14:20
32            android:name="com.perry.app.PerryActivity"
32-->src/main/AndroidManifest.xml:7:19-48
33            android:configChanges="orientation|screenSize|keyboardHidden"
33-->src/main/AndroidManifest.xml:9:13-74
34            android:exported="true"
34-->src/main/AndroidManifest.xml:7:49-72
35            android:theme="@style/Theme.Perry.Splash" >
35-->src/main/AndroidManifest.xml:8:13-54
36            <intent-filter>
36-->src/main/AndroidManifest.xml:10:13-13:29
37                <action android:name="android.intent.action.MAIN" />
37-->src/main/AndroidManifest.xml:11:17-69
37-->src/main/AndroidManifest.xml:11:25-66
38
39                <category android:name="android.intent.category.LAUNCHER" />
39-->src/main/AndroidManifest.xml:12:17-77
39-->src/main/AndroidManifest.xml:12:27-74
40            </intent-filter>
41        </activity>
42    </application>
43
44</manifest>